<?xml version="1.0" encoding="UTF-8"?>
<testsuite name="org.example.web.controller.TaskControllerTest" tests="5" skipped="0" failures="0" errors="0" timestamp="2020-02-25T20:34:59" hostname="DESKTOP-8IAO327" time="1.055">
  <properties/>
  <testcase name="getSpecificTaskTest()" classname="org.example.web.controller.TaskControllerTest" time="0.836"/>
  <testcase name="getTasksTest()" classname="org.example.web.controller.TaskControllerTest" time="0.055"/>
  <testcase name="updateTaskTest()" classname="org.example.web.controller.TaskControllerTest" time="0.102"/>
  <testcase name="createTaskTest()" classname="org.example.web.controller.TaskControllerTest" time="0.031"/>
  <testcase name="deleteTaskTest()" classname="org.example.web.controller.TaskControllerTest" time="0.024"/>
  <system-out><![CDATA[21:34:53.120 [Test worker] DEBUG org.springframework.test.context.BootstrapUtils - Instantiating CacheAwareContextLoaderDelegate from class [org.springframework.test.context.cache.DefaultCacheAwareContextLoaderDelegate]
21:34:53.143 [Test worker] DEBUG org.springframework.test.context.BootstrapUtils - Instantiating BootstrapContext using constructor [public org.springframework.test.context.support.DefaultBootstrapContext(java.lang.Class,org.springframework.test.context.CacheAwareContextLoaderDelegate)]
21:34:53.186 [Test worker] DEBUG org.springframework.test.context.BootstrapUtils - Instantiating TestContextBootstrapper for test class [org.example.web.controller.TaskControllerTest] from class [org.springframework.boot.test.context.SpringBootTestContextBootstrapper]
21:34:53.222 [Test worker] DEBUG org.springframework.test.context.support.AbstractContextLoader - Did not detect default resource location for test class [org.example.web.controller.TaskControllerTest]: class path resource [org/example/web/controller/TaskControllerTest-context.xml] does not exist
21:34:53.223 [Test worker] DEBUG org.springframework.test.context.support.AbstractContextLoader - Did not detect default resource location for test class [org.example.web.controller.TaskControllerTest]: class path resource [org/example/web/controller/TaskControllerTestContext.groovy] does not exist
21:34:53.223 [Test worker] INFO org.springframework.test.context.support.AbstractContextLoader - Could not detect default resource locations for test class [org.example.web.controller.TaskControllerTest]: no resource found for suffixes {-context.xml, Context.groovy}.
21:34:53.473 [Test worker] DEBUG org.springframework.boot.test.context.SpringBootTestContextBootstrapper - @TestExecutionListeners is not present for class [org.example.web.controller.TaskControllerTest]: using defaults.
21:34:53.473 [Test worker] INFO org.springframework.boot.test.context.SpringBootTestContextBootstrapper - Loaded default TestExecutionListener class names from location [META-INF/spring.factories]: [org.springframework.security.test.context.support.WithSecurityContextTestExecutionListener, org.springframework.boot.test.autoconfigure.restdocs.RestDocsTestExecutionListener, org.springframework.boot.test.autoconfigure.web.client.MockRestServiceServerResetTestExecutionListener, org.springframework.boot.test.autoconfigure.web.servlet.MockMvcPrintOnlyOnFailureTestExecutionListener, org.springframework.boot.test.autoconfigure.web.servlet.WebDriverTestExecutionListener, org.springframework.boot.test.mock.mockito.MockitoTestExecutionListener, org.springframework.boot.test.mock.mockito.ResetMocksTestExecutionListener, org.springframework.test.context.web.ServletTestExecutionListener, org.springframework.test.context.support.DirtiesContextBeforeModesTestExecutionListener, org.springframework.test.context.support.DependencyInjectionTestExecutionListener, org.springframework.test.context.support.DirtiesContextTestExecutionListener, org.springframework.test.context.transaction.TransactionalTestExecutionListener, org.springframework.test.context.jdbc.SqlScriptsTestExecutionListener]
21:34:53.503 [Test worker] INFO org.springframework.boot.test.context.SpringBootTestContextBootstrapper - Using TestExecutionListeners: [org.springframework.test.context.web.ServletTestExecutionListener@1124b6d0, org.springframework.test.context.support.DirtiesContextBeforeModesTestExecutionListener@56392b6a, org.springframework.boot.test.mock.mockito.MockitoTestExecutionListener@7aa6f5b4, org.springframework.boot.test.autoconfigure.SpringBootDependencyInjectionTestExecutionListener@a715e4a, org.springframework.test.context.support.DirtiesContextTestExecutionListener@3ed7ebe2, org.springframework.test.context.transaction.TransactionalTestExecutionListener@212ae529, org.springframework.test.context.jdbc.SqlScriptsTestExecutionListener@6c6cbfed, org.springframework.boot.test.autoconfigure.restdocs.RestDocsTestExecutionListener@6cef3f24, org.springframework.boot.test.autoconfigure.web.client.MockRestServiceServerResetTestExecutionListener@6d6641a0, org.springframework.boot.test.autoconfigure.web.servlet.MockMvcPrintOnlyOnFailureTestExecutionListener@1b13e288, org.springframework.boot.test.autoconfigure.web.servlet.WebDriverTestExecutionListener@1289a5d0, org.springframework.boot.test.mock.mockito.ResetMocksTestExecutionListener@78aaeba, org.springframework.security.test.context.support.WithSecurityContextTestExecutionListener@58be84aa]
21:34:53.510 [Test worker] DEBUG org.springframework.test.context.support.AbstractDirtiesContextTestExecutionListener - Before test class: context [DefaultTestContext@63511681 testClass = TaskControllerTest, testInstance = [null], testMethod = [null], testException = [null], mergedContextConfiguration = [WebMergedContextConfiguration@67a2d141 testClass = TaskControllerTest, locations = '{}', classes = '{class org.example.Application}', contextInitializerClasses = '[]', activeProfiles = '{test}', propertySourceLocations = '{}', propertySourceProperties = '{org.springframework.boot.test.context.SpringBootTestContextBootstrapper=true}', contextCustomizers = set[org.springframework.boot.test.autoconfigure.properties.PropertyMappingContextCustomizer@0, org.springframework.boot.test.autoconfigure.web.servlet.WebDriverContextCustomizerFactory$Customizer@283ded9a, org.springframework.boot.test.context.filter.ExcludeFilterContextCustomizer@4cadcb4f, org.springframework.boot.test.json.DuplicateJsonObjectContextCustomizerFactory$DuplicateJsonObjectContextCustomizer@32140c84, org.springframework.boot.test.mock.mockito.MockitoContextCustomizer@0, org.springframework.boot.test.web.client.TestRestTemplateContextCustomizer@b337330, org.springframework.test.context.web.socket.MockServerContainerContextCustomizer@5255621], resourceBasePath = 'src/main/webapp', contextLoader = 'org.springframework.boot.test.context.SpringBootContextLoader', parent = [null]], attributes = map['org.springframework.test.context.web.ServletTestExecutionListener.activateListener' -> true]], class annotated with @DirtiesContext [false] with mode [null].
21:34:53.564 [Test worker] DEBUG org.springframework.test.context.support.TestPropertySourceUtils - Adding inlined properties to environment: {spring.jmx.enabled=false, org.springframework.boot.test.context.SpringBootTestContextBootstrapper=true, server.port=-1}

  .   ____          _            __ _ _
 /\\ / ___'_ __ _ _(_)_ __  __ _ \ \ \ \
( ( )\___ | '_ | '_| | '_ \/ _` | \ \ \ \
 \\/  ___)| |_)| | | | | || (_| |  ) ) ) )
  '  |____| .__|_| |_|_| |_\__, | / / / /
 =========|_|==============|___/=/_/_/_/
 :: Spring Boot ::        (v2.0.5.RELEASE)

2020-02-25 21:34:54.194  INFO 2235 --- [    Test worker] o.e.web.controller.TaskControllerTest    : Starting TaskControllerTest on DESKTOP-8IAO327 with PID 2235 (started by marcel in /mnt/c/Users/mleen/dev/IdeaProjects/Tasks/tasks-web)
2020-02-25 21:34:54.196  INFO 2235 --- [    Test worker] o.e.web.controller.TaskControllerTest    : The following profiles are active: test
2020-02-25 21:34:54.316  INFO 2235 --- [    Test worker] o.s.w.c.s.GenericWebApplicationContext   : Refreshing org.springframework.web.context.support.GenericWebApplicationContext@6b914d21: startup date [Tue Feb 25 21:34:54 CET 2020]; root of context hierarchy
2020-02-25 21:34:56.206  INFO 2235 --- [    Test worker] io.jsondb.JsonDBTemplate                 : Encryption is enabled for JSON DB
2020-02-25 21:34:56.316  INFO 2235 --- [    Test worker] org.reflections.Reflections              : Reflections took 58 ms to scan 1 urls, producing 2 keys and 2 values 
2020-02-25 21:34:56.645  INFO 2235 --- [    Test worker] .s.s.UserDetailsServiceAutoConfiguration : 

Using generated security password: 460c129d-d48d-436b-8f3d-68c22f74ccb8

2020-02-25 21:34:56.987  INFO 2235 --- [    Test worker] o.s.s.web.DefaultSecurityFilterChain     : Creating filter chain: org.springframework.security.web.util.matcher.AnyRequestMatcher@1, [org.springframework.security.web.context.request.async.WebAsyncManagerIntegrationFilter@5b440348, org.springframework.security.web.context.SecurityContextPersistenceFilter@67e4dc39, org.springframework.security.web.header.HeaderWriterFilter@30f886a5, org.springframework.web.filter.CorsFilter@5b4a5906, org.springframework.security.web.authentication.logout.LogoutFilter@592ff9c5, org.springframework.security.web.savedrequest.RequestCacheAwareFilter@25c6d33e, org.springframework.security.web.servletapi.SecurityContextHolderAwareRequestFilter@76059c38, org.springframework.security.web.authentication.AnonymousAuthenticationFilter@726901a3, org.springframework.security.web.session.SessionManagementFilter@56f75fa5, org.springframework.security.web.access.ExceptionTranslationFilter@37896986]
2020-02-25 21:34:57.560  INFO 2235 --- [    Test worker] o.s.w.s.handler.SimpleUrlHandlerMapping  : Mapped URL path [/**/favicon.ico] onto handler of type [class org.springframework.web.servlet.resource.ResourceHttpRequestHandler]
2020-02-25 21:34:58.116  INFO 2235 --- [    Test worker] s.w.s.m.m.a.RequestMappingHandlerAdapter : Looking for @ControllerAdvice: org.springframework.web.context.support.GenericWebApplicationContext@6b914d21: startup date [Tue Feb 25 21:34:54 CET 2020]; root of context hierarchy
2020-02-25 21:34:58.275  INFO 2235 --- [    Test worker] s.w.s.m.m.a.RequestMappingHandlerMapping : Mapped "{[/api/tasks/],methods=[POST]}" onto public org.springframework.http.ResponseEntity<org.example.web.formdata.TaskDTO> org.example.web.controller.TaskController.ceateTask(org.example.web.formdata.TaskDTO) throws java.net.URISyntaxException
2020-02-25 21:34:58.276  INFO 2235 --- [    Test worker] s.w.s.m.m.a.RequestMappingHandlerMapping : Mapped "{[/api/tasks/],methods=[PUT]}" onto public org.springframework.http.ResponseEntity<org.example.web.formdata.TaskDTO> org.example.web.controller.TaskController.updateTask(org.example.web.formdata.TaskDTO)
2020-02-25 21:34:58.277  INFO 2235 --- [    Test worker] s.w.s.m.m.a.RequestMappingHandlerMapping : Mapped "{[/api/tasks/],methods=[GET]}" onto public org.springframework.http.ResponseEntity<java.util.List<org.example.web.formdata.TaskDTO>> org.example.web.controller.TaskController.getAllTasks(org.springframework.data.domain.Pageable)
2020-02-25 21:34:58.278  INFO 2235 --- [    Test worker] s.w.s.m.m.a.RequestMappingHandlerMapping : Mapped "{[/api/tasks/{id}],methods=[DELETE]}" onto public org.springframework.http.ResponseEntity<java.lang.Void> org.example.web.controller.TaskController.deleteTask(java.lang.String)
2020-02-25 21:34:58.278  INFO 2235 --- [    Test worker] s.w.s.m.m.a.RequestMappingHandlerMapping : Mapped "{[/api/tasks/{id}],methods=[GET]}" onto public org.springframework.http.ResponseEntity<org.example.web.formdata.TaskDTO> org.example.web.controller.TaskController.getTask(java.lang.String) throws java.net.URISyntaxException
2020-02-25 21:34:58.280  INFO 2235 --- [    Test worker] s.w.s.m.m.a.RequestMappingHandlerMapping : Mapped "{[/error]}" onto public org.springframework.http.ResponseEntity<java.util.Map<java.lang.String, java.lang.Object>> org.springframework.boot.autoconfigure.web.servlet.error.BasicErrorController.error(javax.servlet.http.HttpServletRequest)
2020-02-25 21:34:58.281  INFO 2235 --- [    Test worker] s.w.s.m.m.a.RequestMappingHandlerMapping : Mapped "{[/error],produces=[text/html]}" onto public org.springframework.web.servlet.ModelAndView org.springframework.boot.autoconfigure.web.servlet.error.BasicErrorController.errorHtml(javax.servlet.http.HttpServletRequest,javax.servlet.http.HttpServletResponse)
2020-02-25 21:34:58.342  INFO 2235 --- [    Test worker] o.s.w.s.handler.SimpleUrlHandlerMapping  : Mapped URL path [/webjars/**] onto handler of type [class org.springframework.web.servlet.resource.ResourceHttpRequestHandler]
2020-02-25 21:34:58.342  INFO 2235 --- [    Test worker] o.s.w.s.handler.SimpleUrlHandlerMapping  : Mapped URL path [/**] onto handler of type [class org.springframework.web.servlet.resource.ResourceHttpRequestHandler]
2020-02-25 21:34:58.504  WARN 2235 --- [    Test worker] ion$DefaultTemplateResolverConfiguration : Cannot find template location: classpath:/templates/ (please add some templates or check your Thymeleaf configuration)
2020-02-25 21:34:59.144  INFO 2235 --- [    Test worker] o.e.web.controller.TaskControllerTest    : Started TaskControllerTest in 5.5616894 seconds (JVM running for 7.101)
2020-02-25 21:34:59.793  INFO 2235 --- [    Test worker] o.s.b.t.m.w.SpringBootMockServletContext : Initializing Spring FrameworkServlet ''
2020-02-25 21:34:59.793  INFO 2235 --- [    Test worker] o.s.t.web.servlet.TestDispatcherServlet  : FrameworkServlet '': initialization started
2020-02-25 21:34:59.821  INFO 2235 --- [    Test worker] o.s.t.web.servlet.TestDispatcherServlet  : FrameworkServlet '': initialization completed in 28 ms
2020-02-25 21:35:00.029  INFO 2235 --- [    Test worker] o.s.b.t.m.w.SpringBootMockServletContext : Initializing Spring FrameworkServlet ''
2020-02-25 21:35:00.029  INFO 2235 --- [    Test worker] o.s.t.web.servlet.TestDispatcherServlet  : FrameworkServlet '': initialization started
2020-02-25 21:35:00.032  INFO 2235 --- [    Test worker] o.s.t.web.servlet.TestDispatcherServlet  : FrameworkServlet '': initialization completed in 3 ms
2020-02-25 21:35:00.084  INFO 2235 --- [    Test worker] o.s.b.t.m.w.SpringBootMockServletContext : Initializing Spring FrameworkServlet ''
2020-02-25 21:35:00.084  INFO 2235 --- [    Test worker] o.s.t.web.servlet.TestDispatcherServlet  : FrameworkServlet '': initialization started
2020-02-25 21:35:00.086  INFO 2235 --- [    Test worker] o.s.t.web.servlet.TestDispatcherServlet  : FrameworkServlet '': initialization completed in 2 ms
2020-02-25 21:35:00.186  INFO 2235 --- [    Test worker] o.s.b.t.m.w.SpringBootMockServletContext : Initializing Spring FrameworkServlet ''
2020-02-25 21:35:00.187  INFO 2235 --- [    Test worker] o.s.t.web.servlet.TestDispatcherServlet  : FrameworkServlet '': initialization started
2020-02-25 21:35:00.189  INFO 2235 --- [    Test worker] o.s.t.web.servlet.TestDispatcherServlet  : FrameworkServlet '': initialization completed in 2 ms
2020-02-25 21:35:00.218  INFO 2235 --- [    Test worker] o.s.b.t.m.w.SpringBootMockServletContext : Initializing Spring FrameworkServlet ''
2020-02-25 21:35:00.218  INFO 2235 --- [    Test worker] o.s.t.web.servlet.TestDispatcherServlet  : FrameworkServlet '': initialization started
2020-02-25 21:35:00.220  INFO 2235 --- [    Test worker] o.s.t.web.servlet.TestDispatcherServlet  : FrameworkServlet '': initialization completed in 2 ms
]]></system-out>
  <system-err><![CDATA[]]></system-err>
</testsuite>
