<?xml version="1.0" encoding="UTF-8"?>
<testsuite name="org.example.web.formdata.mapper.TaskMapperTest" tests="7" skipped="0" failures="0" errors="0" timestamp="2020-02-25T20:35:00" hostname="DESKTOP-8IAO327" time="0.102">
  <properties/>
  <testcase name="toJsonTest()" classname="org.example.web.formdata.mapper.TaskMapperTest" time="0.089"/>
  <testcase name="toDTOTest()" classname="org.example.web.formdata.mapper.TaskMapperTest" time="0.001"/>
  <testcase name="fromJsonTest()" classname="org.example.web.formdata.mapper.TaskMapperTest" time="0.005"/>
  <testcase name="toModelsTest()" classname="org.example.web.formdata.mapper.TaskMapperTest" time="0.004"/>
  <testcase name="toModelTest()" classname="org.example.web.formdata.mapper.TaskMapperTest" time="0.001"/>
  <testcase name="fromIdTest()" classname="org.example.web.formdata.mapper.TaskMapperTest" time="0.0"/>
  <testcase name="toDTOsTest()" classname="org.example.web.formdata.mapper.TaskMapperTest" time="0.0"/>
  <system-out><![CDATA[]]></system-out>
  <system-err><![CDATA[]]></system-err>
</testsuite>
